<?xml version="1.0" encoding="UTF-8"?>
<!-- Generated by org.testng.reporters.JUnitReportReporter -->
<testsuite hostname="LAP-TZD-0X69950" name="com.framework.testScripts.CreatingGameCatalouge" tests="3" failures="0" timestamp="2 Apr 2020 17:46:20 GMT" time="483.854" errors="0">
  <testcase name="writeFirstRow" time="0.524" classname="com.framework.testScripts.CreatingGameCatalouge"/>
  <testcase name="gototheUrl" time="208.630" classname="com.framework.testScripts.CreatingGameCatalouge"/>
  <testcase name="NumberofTournamnets" time="274.700" classname="com.framework.testScripts.CreatingGameCatalouge"/>
</testsuite> <!-- com.framework.testScripts.CreatingGameCatalouge -->
